<?xml version="1.0" encoding="UTF-8"?>
<!-- Generated by org.testng.reporters.JUnitReportReporter -->
<testsuite name="hotel_utilities.test1" tests="3" time="0.007" ignored="0" failures="0" timestamp="14 Oct 2020 10:55:46 GMT" skipped="0" hostname="LAPTOP-7H3VE7A9" errors="0">
  <testcase name="testThree" time="0.000" classname="hotel_utilities.test1"/>
  <testcase name="testOne" time="0.004" classname="hotel_utilities.test1"/>
  <testcase name="testTwo" time="0.003" classname="hotel_utilities.test1"/>
</testsuite> <!-- hotel_utilities.test1 -->
