<?xml version="1.0" encoding="UTF-8"?>
<!-- Generated by org.testng.reporters.JUnitReportReporter -->
<testsuite name="hotel_Automation.main_class" tests="1" time="50.892" ignored="0" failures="0" timestamp="25 Oct 2020 14:50:05 GMT" skipped="0" hostname="LAPTOP-7H3VE7A9" errors="0">
  <testcase name="HotelAutomation" time="50.892" classname="hotel_Automation.main_class"/>
</testsuite> <!-- hotel_Automation.main_class -->
