<?xml version="1.0" encoding="UTF-8"?>
<!-- Generated by org.testng.reporters.JUnitReportReporter -->
<testsuite name="hotel_utilities.test" tests="1" time="12.937" ignored="0" failures="0" timestamp="02 Oct 2020 15:15:39 GMT" skipped="0" hostname="LAPTOP-7H3VE7A9" errors="0">
  <testcase name="hotel" time="12.937" classname="hotel_utilities.test"/>
</testsuite> <!-- hotel_utilities.test -->
